<?xml version="1.0" encoding="UTF-8"?>
<!-- Generated by org.testng.reporters.JUnitXMLReporter -->
<testsuite ignored="0" hostname="DESKTOP-RGULHIU" failures="0" tests="3" name="Default test" time="5.971" errors="0" timestamp="2024-12-06T00:59:13 EET">
  <testcase classname="tests.BookingTests" name="testAddBooking" time="3.832"/>
  <testcase classname="tests.BookingTests" name="testGetBooking" time="1.049"/>
  <testcase classname="tests.BookingTests" name="testNegativeCase" time="1.008"/>
</testsuite> <!-- Default test -->
